  tablero.cpp
C:\GITLAB\AJEDREZ1\src\Pieza.h(16,112): warning C4244: 'argumento': conversión de 'double' a 'float'; posible pérdida de datos
C:\GITLAB\AJEDREZ1\src\Pieza.h(16,105): warning C4244: 'argumento': conversión de 'double' a 'float'; posible pérdida de datos
C:\GITLAB\AJEDREZ1\src\Pieza.h(17,113): warning C4244: 'argumento': conversión de 'double' a 'float'; posible pérdida de datos
C:\GITLAB\AJEDREZ1\src\Pieza.h(17,106): warning C4244: 'argumento': conversión de 'double' a 'float'; posible pérdida de datos
C:\GITLAB\AJEDREZ1\src\Pieza.h(18,114): warning C4244: 'argumento': conversión de 'double' a 'float'; posible pérdida de datos
C:\GITLAB\AJEDREZ1\src\Pieza.h(18,107): warning C4244: 'argumento': conversión de 'double' a 'float'; posible pérdida de datos
C:\GITLAB\AJEDREZ1\src\Pieza.h(19,115): warning C4244: 'argumento': conversión de 'double' a 'float'; posible pérdida de datos
C:\GITLAB\AJEDREZ1\src\Pieza.h(19,108): warning C4244: 'argumento': conversión de 'double' a 'float'; posible pérdida de datos
C:\GITLAB\AJEDREZ1\src\Pieza.h(20,118): warning C4244: 'argumento': conversión de 'double' a 'float'; posible pérdida de datos
C:\GITLAB\AJEDREZ1\src\Pieza.h(20,111): warning C4244: 'argumento': conversión de 'double' a 'float'; posible pérdida de datos
C:\GITLAB\AJEDREZ1\src\Pieza.h(21,119): warning C4244: 'argumento': conversión de 'double' a 'float'; posible pérdida de datos
C:\GITLAB\AJEDREZ1\src\Pieza.h(21,112): warning C4244: 'argumento': conversión de 'double' a 'float'; posible pérdida de datos
C:\GITLAB\AJEDREZ1\src\Pieza.h(22,114): warning C4244: 'argumento': conversión de 'double' a 'float'; posible pérdida de datos
C:\GITLAB\AJEDREZ1\src\Pieza.h(22,107): warning C4244: 'argumento': conversión de 'double' a 'float'; posible pérdida de datos
C:\GITLAB\AJEDREZ1\src\Pieza.h(23,115): warning C4244: 'argumento': conversión de 'double' a 'float'; posible pérdida de datos
C:\GITLAB\AJEDREZ1\src\Pieza.h(23,108): warning C4244: 'argumento': conversión de 'double' a 'float'; posible pérdida de datos
C:\GITLAB\AJEDREZ1\src\Pieza.h(24,111): warning C4244: 'argumento': conversión de 'double' a 'float'; posible pérdida de datos
C:\GITLAB\AJEDREZ1\src\Pieza.h(24,104): warning C4244: 'argumento': conversión de 'double' a 'float'; posible pérdida de datos
C:\GITLAB\AJEDREZ1\src\Pieza.h(25,110): warning C4244: 'argumento': conversión de 'double' a 'float'; posible pérdida de datos
C:\GITLAB\AJEDREZ1\src\Pieza.h(25,103): warning C4244: 'argumento': conversión de 'double' a 'float'; posible pérdida de datos
C:\GITLAB\AJEDREZ1\src\Pieza.h(26,114): warning C4244: 'argumento': conversión de 'double' a 'float'; posible pérdida de datos
C:\GITLAB\AJEDREZ1\src\Pieza.h(26,107): warning C4244: 'argumento': conversión de 'double' a 'float'; posible pérdida de datos
C:\GITLAB\AJEDREZ1\src\Pieza.h(27,115): warning C4244: 'argumento': conversión de 'double' a 'float'; posible pérdida de datos
C:\GITLAB\AJEDREZ1\src\Pieza.h(27,108): warning C4244: 'argumento': conversión de 'double' a 'float'; posible pérdida de datos
C:\GITLAB\AJEDREZ1\src\tablero.cpp(61,31): warning C4305: 'argumento': truncamiento de 'double' a 'GLfloat'
C:\GITLAB\AJEDREZ1\src\tablero.cpp(61,24): warning C4244: 'argumento': conversión de 'int' a 'GLfloat'; posible pérdida de datos
C:\GITLAB\AJEDREZ1\src\tablero.cpp(61,19): warning C4244: 'argumento': conversión de 'int' a 'GLfloat'; posible pérdida de datos
  Pang.vcxproj -> C:\GITLAB\AJEDREZ1\bin\Pang.exe
